Determining if the pthread_create exist failed with the following output:
Change Dir: /home/wenjing/ros/my_planner_rviz/src/multi_bspline_opt/build/CMakeFiles/CMakeTmp

Run Build Command:"/usr/bin/ninja" "cmTC_4f7e6"
[1/2] Building C object CMakeFiles/cmTC_4f7e6.dir/CheckSymbolExists.c.o
[2/2] Linking C executable cmTC_4f7e6
FAILED: cmTC_4f7e6 
: && /usr/bin/cc   -rdynamic CMakeFiles/cmTC_4f7e6.dir/CheckSymbolExists.c.o  -o cmTC_4f7e6   && :
CMakeFiles/cmTC_4f7e6.dir/CheckSymbolExists.c.o：在函数‘main’中：
CheckSymbolExists.c:(.text+0x1b)：对‘pthread_create’未定义的引用
collect2: error: ld returned 1 exit status
ninja: build stopped: subcommand failed.

File /home/wenjing/ros/my_planner_rviz/src/multi_bspline_opt/build/CMakeFiles/CMakeTmp/CheckSymbolExists.c:
/* */
#include <pthread.h>

int main(int argc, char** argv)
{
  (void)argv;
#ifndef pthread_create
  return ((int*)(&pthread_create))[argc];
#else
  (void)argc;
  return 0;
#endif
}

Determining if the function pthread_create exists in the pthreads failed with the following output:
Change Dir: /home/wenjing/ros/my_planner_rviz/src/multi_bspline_opt/build/CMakeFiles/CMakeTmp

Run Build Command:"/usr/bin/ninja" "cmTC_74902"
[1/2] Building C object CMakeFiles/cmTC_74902.dir/CheckFunctionExists.c.o
[2/2] Linking C executable cmTC_74902
FAILED: cmTC_74902 
: && /usr/bin/cc -DCHECK_FUNCTION_EXISTS=pthread_create  -rdynamic CMakeFiles/cmTC_74902.dir/CheckFunctionExists.c.o  -o cmTC_74902  -lpthreads && :
/usr/bin/ld: 找不到 -lpthreads
collect2: error: ld returned 1 exit status
ninja: build stopped: subcommand failed.


